<?xml version="1.0" encoding="UTF-8"?>
<!-- Generated by org.testng.reporters.JUnitXMLReporter -->
<testsuite ignored="0" hostname="DESKTOP-B5NHARB" failures="9" tests="30" name="My Test" time="168.197" errors="0" timestamp="21 Mar 2023 03:17:17 GMT">
  <testcase classname="testCases.LoginPageTestCases" name="verifyCheckboxRemeneberMeIsSelected" time="0.196"/>
  <testcase classname="testCases.LoginPageTestCases" name="verifyLoginWithInvalidCredentials" time="0.752">
    <failure type="java.lang.AssertionError" message="expected [Ã—
Alert!
Invalid Username/Password] but found [×
Alert!
Invalid Username/Password]">
      <![CDATA[java.lang.AssertionError: expected [Ã—
Alert!
Invalid Username/Password] but found [×
Alert!
Invalid Username/Password]
at testCases.LoginPageTestCases.verifyLoginWithInvalidCredentials(LoginPageTestCases.java:61)
... Removed 31 stack frames]]>
    </failure>
  </testcase> <!-- verifyLoginWithInvalidCredentials -->
  <testcase classname="testCases.LoginPageTestCases" name="verifyLoginWithInvalidCredentials" time="0.74">
    <failure type="java.lang.AssertionError" message="expected [Ã—
Alert!
Invalid Username/Password] but found [×
Alert!
Invalid Username/Password]">
      <![CDATA[java.lang.AssertionError: expected [Ã—
Alert!
Invalid Username/Password] but found [×
Alert!
Invalid Username/Password]
at testCases.LoginPageTestCases.verifyLoginWithInvalidCredentials(LoginPageTestCases.java:61)
... Removed 31 stack frames]]>
    </failure>
  </testcase> <!-- verifyLoginWithInvalidCredentials -->
  <testcase classname="testCases.LoginPageTestCases" name="verifyLoginWithValidCredentials" time="0.899"/>
  <testcase classname="testCases.LoginPageTestCases" name="verifyTheBacgroundColourOfSignInButton" time="0.055"/>
  <testcase classname="testCases.LoginPageTestCases" name="verifyTheTextOfSignInButton" time="0.099"/>
  <testcase classname="testCases.LoginPageTestCases" name="verifyTheTextOftitle7MartSupermarket" time="0.046"/>
  <testcase classname="testCases.AdminPageTestCases" name="verifyAdminCanAccesExpenceCAtegoryPage" time="4.93"/>
  <testcase classname="testCases.AdminPageTestCases" name="verifyLogoutButton" time="1.362"/>
  <testcase classname="testCases.AdminPageTestCases" name="verifyingPageTiTleOfAdminHomePage" time="0.812"/>
  <testcase classname="testCases.AdminUsersPageTestCases" name="verifyAdminCanAddNewAdminUsers" time="5.907"/>
  <testcase classname="testCases.AdminUsersPageTestCases" name="verifyTheStatusOfAdminUsers" time="3.511"/>
  <testcase classname="testCases.AdminUsersPageTestCases" name="verifyifAdminCAnDeleteUsers" time="9.184">
    <failure type="java.lang.AssertionError" message="Actual and Expected result does&amp;apos;nt match expected [Ã—
Alert!
User Deleted Successfully] but found [×
Alert!
User Deleted Successfully]">
      <![CDATA[java.lang.AssertionError: Actual and Expected result does'nt match expected [Ã—
Alert!
User Deleted Successfully] but found [×
Alert!
User Deleted Successfully]
at testCases.AdminUsersPageTestCases.verifyifAdminCAnDeleteUsers(AdminUsersPageTestCases.java:68)
... Removed 30 stack frames]]>
    </failure>
  </testcase> <!-- verifyifAdminCAnDeleteUsers -->
  <testcase classname="testCases.PushNotificationTestCases" name="verifyIfRestButtonIsWorking" time="1.701"/>
  <testcase classname="testCases.PushNotificationTestCases" name="verifyIfTheAdminCanSendPushMessageNotification" time="2.334">
    <failure type="java.lang.AssertionError" message="Actual and Expected result does&amp;apos;nt match expected [Ã—
Alert!
Message send successfully] but found [×
Alert!
Message send successfully]">
      <![CDATA[java.lang.AssertionError: Actual and Expected result does'nt match expected [Ã—
Alert!
Message send successfully] but found [×
Alert!
Message send successfully]
at testCases.PushNotificationTestCases.verifyIfTheAdminCanSendPushMessageNotification(PushNotificationTestCases.java:31)
... Removed 30 stack frames]]>
    </failure>
  </testcase> <!-- verifyIfTheAdminCanSendPushMessageNotification -->
  <testcase classname="testCases.ListPagesTestCases" name="verifyAdminCanAddNewPages" time="9.52">
    <failure type="java.lang.AssertionError" message="Actual and Expected result does&amp;apos;nt match expected [Ã—
Alert!
Page Created Successfully] but found [×
Alert!
Page Created Successfully]">
      <![CDATA[java.lang.AssertionError: Actual and Expected result does'nt match expected [Ã—
Alert!
Page Created Successfully] but found [×
Alert!
Page Created Successfully]
at testCases.ListPagesTestCases.verifyAdminCanAddNewPages(ListPagesTestCases.java:53)
... Removed 30 stack frames]]>
    </failure>
  </testcase> <!-- verifyAdminCanAddNewPages -->
  <testcase classname="testCases.ListPagesTestCases" name="verifyTheFunctionalityOfsearchButton" time="2.135"/>
  <testcase classname="testCases.ListPagesTestCases" name="verifytheTextOfResetButton" time="1.676"/>
  <testcase classname="testCases.ManageOfferCodeTestCases" name="verifyIfAdminAbleToaddNewOfferCode" time="9.466">
    <failure type="java.lang.AssertionError" message="Actual and Expected result does&amp;apos;nt match expected [Ã—
Alert!
Offer Created Successfully] but found [×
Alert!
Offer Created Successfully]">
      <![CDATA[java.lang.AssertionError: Actual and Expected result does'nt match expected [Ã—
Alert!
Offer Created Successfully] but found [×
Alert!
Offer Created Successfully]
at testCases.ManageOfferCodeTestCases.verifyIfAdminAbleToaddNewOfferCode(ManageOfferCodeTestCases.java:54)
... Removed 30 stack frames]]>
    </failure>
  </testcase> <!-- verifyIfAdminAbleToaddNewOfferCode -->
  <testcase classname="testCases.ManageOfferCodeTestCases" name="verifySearchButtonInManageOfferCodePAge" time="1.89"/>
  <testcase classname="testCases.ManageOrderPageTestCases" name="verifyAdminCanSelectDropDownInstatusFieldWhileZClickingSearchButton" time="2.554"/>
  <testcase classname="testCases.ManageOrderPageTestCases" name="verifyBagroundColrOfSearchButtonInManageOrderPAge" time="1.508"/>
  <testcase classname="testCases.ManageDeliveryBoyPageTestCases" name="verifyAdminCanChangeThestatusOfDeliveryBoy" time="6.197">
    <failure type="java.lang.AssertionError" message="Actual and Expected result does&amp;apos;nt match expected [Ã—
Alert!
Delivery Boy Status Changed Successfully] but found [×
Alert!
Delivery Boy Status Changed Successfully]">
      <![CDATA[java.lang.AssertionError: Actual and Expected result does'nt match expected [Ã—
Alert!
Delivery Boy Status Changed Successfully] but found [×
Alert!
Delivery Boy Status Changed Successfully]
at testCases.ManageDeliveryBoyPageTestCases.verifyAdminCanChangeThestatusOfDeliveryBoy(ManageDeliveryBoyPageTestCases.java:45)
... Removed 30 stack frames]]>
    </failure>
  </testcase> <!-- verifyAdminCanChangeThestatusOfDeliveryBoy -->
  <testcase classname="testCases.ManageDeliveryBoyPageTestCases" name="verifyAlertMessageWhileClickingOnDeleteButton" time="2.213"/>
  <testcase classname="testCases.ManageDeliveryBoyPageTestCases" name="verifyTheBGColorOFnewButton" time="1.375"/>
  <testcase classname="testCases.ManageDeliveryBoyPageTestCases" name="verifyTheBagroundColorOfsearchButton" time="1.121"/>
  <testcase classname="testCases.ManageDeliveryBoyPageTestCases" name="verifyTheTextOfNewButton" time="1.297"/>
  <testcase classname="testCases.ManageSliderPageTestCases" name="verifyAdminCanAddNewSlider" time="4.252">
    <failure type="java.lang.AssertionError" message="Actual and Expected result does&amp;apos;nt match expected [ï¿½
Alert!
Slider Created Successfully] but found [�
Alert!
Slider Created Successfully]">
      <![CDATA[java.lang.AssertionError: Actual and Expected result does'nt match expected [ï¿½
Alert!
Slider Created Successfully] but found [�
Alert!
Slider Created Successfully]
at testCases.ManageSliderPageTestCases.verifyAdminCanAddNewSlider(ManageSliderPageTestCases.java:35)
... Removed 30 stack frames]]>
    </failure>
  </testcase> <!-- verifyAdminCanAddNewSlider -->
  <testcase classname="testCases.ManageSliderPageTestCases" name="verifyAdminCanChangeTheStatusOfALinkInManageSliderPage" time="5.396">
    <failure type="java.lang.AssertionError" message="Actual and Expected result does&amp;apos;nt match expected [Ã—
Alert!
Slider Status Changed Successfully] but found [×
Alert!
Slider Status Changed Successfully]">
      <![CDATA[java.lang.AssertionError: Actual and Expected result does'nt match expected [Ã—
Alert!
Slider Status Changed Successfully] but found [×
Alert!
Slider Status Changed Successfully]
at testCases.ManageSliderPageTestCases.verifyAdminCanChangeTheStatusOfALinkInManageSliderPage(ManageSliderPageTestCases.java:50)
... Removed 30 stack frames]]>
    </failure>
  </testcase> <!-- verifyAdminCanChangeTheStatusOfALinkInManageSliderPage -->
  <testcase classname="testCases.ManageSliderPageTestCases" name="verifyBagroundColorOfRestButton" time="1.562"/>
</testsuite> <!-- My Test -->
